<?xml version="1.0" encoding="UTF-8"?>
<testng-results ignored="0" total="1" passed="1" failed="0" skipped="0">
  <reporter-output>
    <line>
      <![CDATA[Open the Browserfirefox]]>
    </line>
    <line>
      <![CDATA[Maximize the Browser]]>
    </line>
    <line>
      <![CDATA[Enter the URLhttps://demo.actitime.com/login.do]]>
    </line>
    <line>
      <![CDATA[Set the Implicit and Explicit Timeout10]]>
    </line>
    <line>
      <![CDATA[The Login is Successfull and Home page is displayed]]>
    </line>
  </reporter-output>
  <suite started-at="2023-09-01T21:13:32 IST" name="Suite" finished-at="2023-09-01T21:13:57 IST" duration-ms="25308">
    <groups>
    </groups>
    <test started-at="2023-09-01T21:13:32 IST" name="Test" finished-at="2023-09-01T21:13:57 IST" duration-ms="25308">
      <class name="scripts.ValidLogin">
        <test-method is-config="true" signature="openApp(java.lang.String,java.lang.String,java.lang.String)[pri:0, instance:scripts.ValidLogin@411f53a0]" started-at="2023-09-01T21:13:32 IST" name="openApp" finished-at="2023-09-01T21:13:49 IST" duration-ms="17340" status="PASS">
          <params>
            <param index="0">
              <value>
                <![CDATA[firefox]]>
              </value>
            </param>
            <param index="1">
              <value>
                <![CDATA[https://demo.actitime.com/login.do]]>
              </value>
            </param>
            <param index="2">
              <value>
                <![CDATA[10]]>
              </value>
            </param>
          </params>
          <reporter-output>
            <line>
              <![CDATA[Open the Browserfirefox]]>
            </line>
            <line>
              <![CDATA[Maximize the Browser]]>
            </line>
            <line>
              <![CDATA[Enter the URLhttps://demo.actitime.com/login.do]]>
            </line>
            <line>
              <![CDATA[Set the Implicit and Explicit Timeout10]]>
            </line>
          </reporter-output>
        </test-method> <!-- openApp -->
        <test-method signature="testValidLogin()[pri:0, instance:scripts.ValidLogin@411f53a0]" started-at="2023-09-01T21:13:49 IST" name="testValidLogin" finished-at="2023-09-01T21:13:53 IST" duration-ms="4110" status="PASS">
          <reporter-output>
            <line>
              <![CDATA[The Login is Successfull and Home page is displayed]]>
            </line>
          </reporter-output>
        </test-method> <!-- testValidLogin -->
        <test-method is-config="true" signature="closeApp()[pri:0, instance:scripts.ValidLogin@411f53a0]" started-at="2023-09-01T21:13:53 IST" name="closeApp" finished-at="2023-09-01T21:13:57 IST" duration-ms="3794" status="PASS">
          <reporter-output>
          </reporter-output>
        </test-method> <!-- closeApp -->
      </class> <!-- scripts.ValidLogin -->
    </test> <!-- Test -->
  </suite> <!-- Suite -->
</testng-results>
