<?xml version="1.0" encoding="UTF-8"?>
<testng-results ignored="0" total="1" passed="1" failed="0" skipped="0">
  <reporter-output>
    <line>
      <![CDATA[Open the Browserfirefox]]>
    </line>
    <line>
      <![CDATA[Maximize the Browser]]>
    </line>
    <line>
      <![CDATA[Enter the URLhttp://www.aksharatraining.com]]>
    </line>
    <line>
      <![CDATA[Set the Implicit and Explicit Timeout10]]>
    </line>
    <line>
      <![CDATA[Akshara – Training Center]]>
    </line>
    <line>
      <![CDATA[XL : Gururaj]]>
    </line>
  </reporter-output>
  <suite started-at="2023-08-31T22:02:20 IST" name="Suite" finished-at="2023-08-31T22:02:47 IST" duration-ms="26830">
    <groups>
    </groups>
    <test started-at="2023-08-31T22:02:20 IST" name="Test" finished-at="2023-08-31T22:02:47 IST" duration-ms="26830">
      <class name="scripts.TestCase1">
        <test-method is-config="true" signature="openApp(java.lang.String,java.lang.String,java.lang.String)[pri:0, instance:scripts.TestCase1@411f53a0]" started-at="2023-08-31T22:02:20 IST" name="openApp" finished-at="2023-08-31T22:02:43 IST" duration-ms="22716" status="PASS">
          <params>
            <param index="0">
              <value>
                <![CDATA[firefox]]>
              </value>
            </param>
            <param index="1">
              <value>
                <![CDATA[http://www.aksharatraining.com]]>
              </value>
            </param>
            <param index="2">
              <value>
                <![CDATA[10]]>
              </value>
            </param>
          </params>
          <reporter-output>
            <line>
              <![CDATA[Open the Browserfirefox]]>
            </line>
            <line>
              <![CDATA[Maximize the Browser]]>
            </line>
            <line>
              <![CDATA[Enter the URLhttp://www.aksharatraining.com]]>
            </line>
            <line>
              <![CDATA[Set the Implicit and Explicit Timeout10]]>
            </line>
          </reporter-output>
        </test-method> <!-- openApp -->
        <test-method signature="testA()[pri:0, instance:scripts.TestCase1@411f53a0]" started-at="2023-08-31T22:02:43 IST" name="testA" finished-at="2023-08-31T22:02:44 IST" duration-ms="990" status="PASS">
          <reporter-output>
            <line>
              <![CDATA[Akshara – Training Center]]>
            </line>
            <line>
              <![CDATA[XL : Gururaj]]>
            </line>
          </reporter-output>
        </test-method> <!-- testA -->
        <test-method is-config="true" signature="closeApp()[pri:0, instance:scripts.TestCase1@411f53a0]" started-at="2023-08-31T22:02:44 IST" name="closeApp" finished-at="2023-08-31T22:02:47 IST" duration-ms="3054" status="PASS">
          <reporter-output>
          </reporter-output>
        </test-method> <!-- closeApp -->
      </class> <!-- scripts.TestCase1 -->
    </test> <!-- Test -->
  </suite> <!-- Suite -->
</testng-results>
